CMP Value: 10000
Loop 1
WARNING: the --test option is deprecated. You can pass a script name or path on the command line without any options.
sysbench 1.0.20 (using system LuaJIT 2.1.0-beta3)

Running the test with following options:
Number of threads: 1
Initializing random number generator from current time


Prime numbers limit: 10000

Initializing worker threads...

Threads started!

CPU speed:
    events per second: 13715446.87

General statistics:
    total time:                          10.0001s
    total number of events:              137159996

Latency (ms):
         min:                                    0.00
         avg:                                    0.00
         max:                                    0.06
         95th percentile:                        0.00
         sum:                                 3779.99

Threads fairness:
    events (avg/stddev):           137159996.0000/0.00
    execution time (avg/stddev):   3.7800/0.00

Loop 2
WARNING: the --test option is deprecated. You can pass a script name or path on the command line without any options.
sysbench 1.0.20 (using system LuaJIT 2.1.0-beta3)

Running the test with following options:
Number of threads: 1
Initializing random number generator from current time


Prime numbers limit: 10000

Initializing worker threads...

Threads started!

CPU speed:
    events per second: 13761111.97

General statistics:
    total time:                          10.0001s
    total number of events:              137616693

Latency (ms):
         min:                                    0.00
         avg:                                    0.00
         max:                                    0.12
         95th percentile:                        0.00
         sum:                                 3764.00

Threads fairness:
    events (avg/stddev):           137616693.0000/0.00
    execution time (avg/stddev):   3.7640/0.00

Loop 3
WARNING: the --test option is deprecated. You can pass a script name or path on the command line without any options.
sysbench 1.0.20 (using system LuaJIT 2.1.0-beta3)

Running the test with following options:
Number of threads: 1
Initializing random number generator from current time


Prime numbers limit: 10000

Initializing worker threads...

Threads started!

